{"name": "Test valid login", "status": "failed", "statusDetails": {"message": "AssertionError: ‚ùå Login test failed: Username input not found\nassert None is not None", "trace": "driver = <appium.webdriver.webdriver.WebDriver (session=\"d261c5a3-56af-474a-b223-842fd0d1608c\")>\n\n    @allure.epic(\"Login Flow\")\n    @allure.title(\"Test valid login\")\n    def test_login_success(driver):\n        try:\n            # STEP 1: Enter username\n            username_locator = locators[\"username_input\"]\n            username = wait_for_element(driver, locators[\"username_input\"])\n>           assert username is not None, \"Username input not found\"\nE           AssertionError: Username input not found\nE           assert None is not None\n\ntests\\test_login.py:25: AssertionError\n\nDuring handling of the above exception, another exception occurred:\n\ndriver = <appium.webdriver.webdriver.WebDriver (session=\"d261c5a3-56af-474a-b223-842fd0d1608c\")>\n\n    @allure.epic(\"Login Flow\")\n    @allure.title(\"Test valid login\")\n    def test_login_success(driver):\n        try:\n            # STEP 1: Enter username\n            username_locator = locators[\"username_input\"]\n            username = wait_for_element(driver, locators[\"username_input\"])\n            assert username is not None, \"Username input not found\"\n            username.send_keys(\"testuser\")\n    \n            # STEP 2: Enter password\n            password_locator = locators[\"password_input\"]\n            password = wait_for_element(driver, password_locator)\n            assert password is not None, \"Password input not found\"\n            password.send_keys(\"password123\")\n    \n            # STEP 3: Tap submit button\n            submit_locator = locators[\"submit_button\"]\n            submit = wait_for_element(driver, submit_locator)\n            assert submit is not None, \"Submit button not found\"\n            submit.click()\n    \n            # STEP 4: Wait for success UI (e.g., dashboard title)\n            success_title_locator = locators.get(\"dashboard_title\")\n            dashboard = wait_for_element(driver, success_title_locator)\n            assert dashboard is not None, \"Login likely failed: dashboard not loaded\"\n    \n            allure.attach(\"Login success\", name=\"Test Status\")\n    \n        except Exception as e:\n            screenshot_path = f\"screenshots/failed_login.png\"\n            driver.save_screenshot(screenshot_path)\n            allure.attach.file(screenshot_path, name=\"Failure Screenshot\", attachment_type=allure.attachment_type.PNG)\n    \n            # Optional: Use OCR fallback\n            ocr_text = extract_text_from_image(screenshot_path)\n            print(\"üß† OCR Detected:\", ocr_text)\n    \n            # Optional: AI agent recovery suggestion\n            if AI_KEY:\n                fix_suggestion = ai_agent.suggest_fix(str(e), screenshot_path)\n                allure.attach(fix_suggestion, name=\"AI Fix Suggestion\", attachment_type=allure.attachment_type.TEXT)\n    \n            # Raise test failure\n>           raise AssertionError(f\"‚ùå Login test failed: {e}\")\nE           AssertionError: ‚ùå Login test failed: Username input not found\nE           assert None is not None\n\ntests\\test_login.py:62: AssertionError"}, "attachments": [{"name": "Failure Screenshot", "source": "fce506b2-cbcc-471b-834c-d753c9a68422-attachment.png", "type": "image/png"}, {"name": "stdout", "source": "67373a2d-0399-4eb9-aedd-6181978c0e47-attachment.txt", "type": "text/plain"}], "start": 1751969498331, "stop": 1751969521950, "uuid": "ea74e524-2f0e-4824-980f-8d7c97aff959", "historyId": "86600b41e86dab7ca99f472fa61e4b05", "testCaseId": "86600b41e86dab7ca99f472fa61e4b05", "fullName": "tests.test_login#test_login_success", "labels": [{"name": "epic", "value": "Login Flow"}, {"name": "parentSuite", "value": "tests"}, {"name": "suite", "value": "test_login"}, {"name": "host", "value": "DELL"}, {"name": "thread", "value": "8708-MainThread"}, {"name": "framework", "value": "pytest"}, {"name": "language", "value": "cpython3"}, {"name": "package", "value": "tests.test_login"}]}